<?xml version="1.0" encoding="UTF-8"?>
<testsuite name="KnapsackTest" tests="1" skipped="0" failures="0" errors="0" timestamp="2024-08-21T14:41:13" hostname="Egal" time="0.305">
  <properties/>
  <testcase name="testFiveItemsCannotBeGreedyByWeight()" classname="KnapsackTest" time="0.305"/>
  <system-out><![CDATA[]]></system-out>
  <system-err><![CDATA[]]></system-err>
</testsuite>
