<?xml version="1.0" encoding="UTF-8"?>
<testsuite name="LuhnValidatorTest" tests="23" skipped="22" failures="0" errors="0" timestamp="2024-03-09T17:24:04" hostname="Egal" time="0.361">
  <properties/>
  <testcase name="testSimpleValidSINReversedRemainsValid()" classname="LuhnValidatorTest" time="0.002">
    <skipped/>
  </testcase>
  <testcase name="testValidNumberWithAnOddNumberOfSpaces()" classname="LuhnValidatorTest" time="0.001">
    <skipped/>
  </testcase>
  <testcase name="testValidCanadianSINValid()" classname="LuhnValidatorTest" time="0.0">
    <skipped/>
  </testcase>
  <testcase name="testMoreThanSingleZeroValid()" classname="LuhnValidatorTest" time="0.001">
    <skipped/>
  </testcase>
  <testcase name="testStringContainingSymbolsInvalidJavaTrackSpecific()" classname="LuhnValidatorTest" time="0.0">
    <skipped/>
  </testcase>
  <testcase name="testSimpleValidSINReversedBecomesInvalid()" classname="LuhnValidatorTest" time="0.0">
    <skipped/>
  </testcase>
  <testcase name="testValidLuhnWithOddNumberOfDigitsAndNonZeroFirstDigit()" classname="LuhnValidatorTest" time="0.0">
    <skipped/>
  </testcase>
  <testcase name="testVeryLongInputIsValid()" classname="LuhnValidatorTest" time="0.0">
    <skipped/>
  </testcase>
  <testcase name="testSingleZeroIsInvalid()" classname="LuhnValidatorTest" time="0.001">
    <skipped/>
  </testcase>
  <testcase name="testInvalidCanadianSINInvalid()" classname="LuhnValidatorTest" time="0.001">
    <skipped/>
  </testcase>
  <testcase name="testStringContainingPunctuationInvalid()" classname="LuhnValidatorTest" time="0.001">
    <skipped/>
  </testcase>
  <testcase name="testUsingASCIIValueForNonDoubledNonDigitNotAllowed()" classname="LuhnValidatorTest" time="0.001">
    <skipped/>
  </testcase>
  <testcase name="testValidStringsWithANonDigitAtEndInvalid()" classname="LuhnValidatorTest" time="0.001">
    <skipped/>
  </testcase>
  <testcase name="testValidNumberWithAnEvenNumberOfDigits()" classname="LuhnValidatorTest" time="0.001">
    <skipped/>
  </testcase>
  <testcase name="testDigitNineConvertedToOutputNine()" classname="LuhnValidatorTest" time="0.004">
    <skipped/>
  </testcase>
  <testcase name="testSingleSpaceWithZeroInvalid()" classname="LuhnValidatorTest" time="0.002">
    <skipped/>
  </testcase>
  <testcase name="testSingleDigitStringInvalid()" classname="LuhnValidatorTest" time="0.27"/>
  <testcase name="testStringContainingSymbolsInvalid()" classname="LuhnValidatorTest" time="0.001">
    <skipped/>
  </testcase>
  <testcase name="testInvalidCreditCardInvalid()" classname="LuhnValidatorTest" time="0.0">
    <skipped/>
  </testcase>
  <testcase name="testUsingASCIIValueForDoubledNonDigitNotAllowed()" classname="LuhnValidatorTest" time="0.0">
    <skipped/>
  </testcase>
  <testcase name="testInvalidLongNumberWithAnEvenRemainder()" classname="LuhnValidatorTest" time="0.001">
    <skipped/>
  </testcase>
  <testcase name="testInvalidLongNumberWithARemainderDivisibleBy5()" classname="LuhnValidatorTest" time="0.001">
    <skipped/>
  </testcase>
  <testcase name="testNonNumericNonSpaceCharInMiddleWithSumDivisibleBy10IsNotAllowed()" classname="LuhnValidatorTest" time="0.001">
    <skipped/>
  </testcase>
  <system-out><![CDATA[]]></system-out>
  <system-err><![CDATA[]]></system-err>
</testsuite>
